<?xml version="1.0" encoding="UTF-8"?>
<!-- Generated by org.testng.reporters.JUnitReportReporter -->
<testsuite ignored="0" hostname="Homes-iMac.local" failures="0" tests="4" name="Herolo" time="14.483" errors="0" timestamp="29 Jul 2020 14:47:56 GMT" skipped="0">
  <testcase classname="Herolo" name="whatsApp" time="1.832"/>
  <testcase classname="Herolo" name="helpPage" time="6.803"/>
  <testcase classname="Herolo" name="textCheckMainPage" time="0.269"/>
  <testcase classname="Herolo" name="mainPage" time="5.579"/>
</testsuite> <!-- Herolo -->
